<?xml version="1.0" encoding="UTF-8"?>
<!-- Generated by org.testng.reporters.JUnitReportReporter -->
<testsuite hostname="DESKTOP-E4BUKL1" failures="0" tests="2" name="com.qafoc.test.Register" time="25.652" errors="0" timestamp="2024-04-18T05:08:22 GMT-12:00" skipped="0">
  <testcase classname="com.qafoc.test.Register" name="verifyRegisterAccountWithaDuplicateSameEmail" time="12.373"/>
  <testcase classname="com.qafoc.test.Register" name="verifyRegisterAccountWithMandatoryField" time="13.279"/>
</testsuite> <!-- com.qafoc.test.Register -->
